src/build/app/outputs/mapping/release/seeds.txt
pt.up.fe.ni.uni.MainActivity
pt.up.fe.ni.uni.MainActivity: MainActivity()
pt.up.fe.ni.uni.MainActivity: void configureFlutterEngine(io.flutter.embedding.engine.FlutterEngine)
...
androidx.collection.SimpleArrayMap: java.lang.Object putIfAbsent(java.lang.Object,java.lang.Object)
androidx.fragment.app.FragmentController: android.os.Parcelable saveAllState()
io.sentry.SpanStatus: io.sentry.SpanStatus fromHttpStatusCode(int)
androidx.core.app.Person: java.lang.String resolveToLegacyUri()
com.google.gson.Gson$4: void write(com.google.gson.stream.JsonWriter,java.util.concurrent.atomic.AtomicLong)
androidx.fragment.app.DialogFragment: void onStop()
kotlinx.coroutines.EventLoopImplBase$DelayedTask: boolean timeToExecute(long)
kotlinx.coroutines.JobSupport: void onCompletionInternal(java.lang.Object)
com.google.android.gms.maps.GoogleMapOptions: void writeToParcel(android.os.Parcel,int)
androidx.arch.core.executor.ArchTaskExecutor: boolean isMainThread()
com.google.common.base.Strings: java.lang.String lenientFormat(java.lang.String,java.lang.Object[])
com.google.android.gms.common.internal.ClientSettings: java.lang.String getRealClientPackageName()
androidx.lifecycle.ReportFragment$LifecycleCallbacks: void onActivityPostCreated(android.app.Activity,android.os.Bundle)
io.sentry.ISpan: void setOperation(java.lang.String)
io.flutter.embedding.android.FlutterActivityAndFragmentDelegate: boolean isFlutterEngineFromHost()
com.google.gson.stream.MalformedJsonException: MalformedJsonException(java.lang.String,java.lang.Throwable)
io.sentry.Sentry$OptionsConfiguration: void configure(io.sentry.SentryOptions)
io.flutter.embedding.engine.systemchannels.PlatformChannel$1: void onMethodCall(io.flutter.plugin.common.MethodCall,io.flutter.plugin.common.MethodChannel$Result)
io.flutter.view.AccessibilityBridge$SemanticsNode: boolean access$5900(io.flutter.view.AccessibilityBridge$SemanticsNode,io.flutter.view.AccessibilityBridge$Flag)
kotlinx.coroutines.InvokeOnCompletion: java.lang.Object invoke(java.lang.Object)
com.google.android.gms.maps.model.zzl: zzl()
kotlinx.coroutines.internal.ConcurrentKt: boolean removeFutureOnCancel(java.util.concurrent.Executor)
androidx.collection.MapCollections$ValuesCollection: boolean remove(java.lang.Object)
com.google.common.util.concurrent.AbstractFuture: boolean set(java.lang.Object)
io.sentry.android.core.ManifestMetadataReader: boolean isAutoInit(android.content.Context,io.sentry.ILogger)
kotlin.collections.EmptyList: java.util.List subList(int,int)
io.flutter.plugins.pathprovider.PathProviderPlugin: java.util.List getPathProviderExternalStorageDirectories(java.lang.String)
io.sentry.MainEventProcessor: boolean isCachedHint(java.lang.Object)
com.google.android.gms.dynamite.DynamiteModule: android.content.Context getModuleContext()
io.sentry.Hub: void setExtra(java.lang.String,java.lang.String)
io.flutter.plugins.googlemaps.Convert: java.lang.Float toFloatWrapper(java.lang.Object)
com.google.common.util.concurrent.CycleDetectingLockFactory$Policies: CycleDetectingLockFactory$Policies(java.lang.String,int,com.google.common.util.concurrent.CycleDetectingLockFactory$1)
com.google.common.collect.MapMakerInternalMap$AbstractStrongKeyEntry: com.google.common.collect.MapMakerInternalMap$InternalEntry getNext()
io.sentry.android.core.ManifestMetadataReader: java.lang.String readString(android.os.Bundle,io.sentry.ILogger,java.lang.String,java.lang.String)
kotlinx.coroutines.internal.ExceptionsConstuctorKt$createConstructor$$inlined$safeCtor$2: java.lang.Object invoke(java.lang.Object)
io.sentry.android.core.SystemEventsBreadcrumbsIntegration: SystemEventsBreadcrumbsIntegration(android.content.Context,java.util.List)
io.flutter.plugin.platform.PlatformViewRegistryImpl: PlatformViewRegistryImpl()
io.flutter.view.AccessibilityBridge$SemanticsNode: java.util.List access$3300(io.flutter.view.AccessibilityBridge$SemanticsNode)
com.google.android.gms.common.zzj: zzj(byte[])
androidx.fragment.app.Fragment: void performDetach()
io.flutter.embedding.engine.plugins.lifecycle.HiddenLifecycleReference: androidx.lifecycle.Lifecycle getLifecycle()