src/build/app/outputs/mapping/release/mapping.txt
# compiler: R8
# compiler_version: 2.2.64
# min_api: 20
# pg_map_id: f1e2f73
# common_typos_disable
pt.up.fe.ni.uni.MainActivity -> pt.up.fe.ni.uni.MainActivity:
# {"id":"sourceFile","fileName":"MainActivity.kt"}
    1:1:void <init>():11:11 -> <init>
    1:1:void configureFlutterEngine(io.flutter.embedding.engine.FlutterEngine):13:13 -> z
...
com.google.android.gms.maps.internal.zzak -> com.google.android.gms.maps.j.i:
# {"id":"sourceFile","fileName":"com.google.android.gms:play-services-maps@@18.0.0"}
    1:1:void <init>() -> <init>
    1:3:boolean zza(int,android.os.Parcel,android.os.Parcel,int) -> r
com.google.android.gms.maps.internal.zzal -> com.google.android.gms.maps.j.j:
# {"id":"sourceFile","fileName":"com.google.android.gms:play-services-maps@@18.0.0"}
    void zzb(com.google.android.gms.maps.model.LatLng) -> D
com.google.android.gms.maps.internal.zzao -> com.google.android.gms.maps.j.k:
# {"id":"sourceFile","fileName":"com.google.android.gms:play-services-maps@@18.0.0"}
    1:1:void <init>() -> <init>
    1:3:boolean zza(int,android.os.Parcel,android.os.Parcel,int) -> r
com.google.android.gms.maps.internal.zzap -> com.google.android.gms.maps.j.l:
# {"id":"sourceFile","fileName":"com.google.android.gms:play-services-maps@@18.0.0"}
    void zzb(com.google.android.gms.maps.model.LatLng) -> D
com.google.android.gms.maps.internal.zzaq -> com.google.android.gms.maps.j.m:
# {"id":"sourceFile","fileName":"com.google.android.gms:play-services-maps@@18.0.0"}
    1:1:void <init>() -> <init>
    1:6:boolean zza(int,android.os.Parcel,android.os.Parcel,int) -> r
com.google.android.gms.maps.internal.zzar -> com.google.android.gms.maps.j.n:
# {"id":"sourceFile","fileName":"com.google.android.gms:play-services-maps@@18.0.0"}
    void zzb(com.google.android.gms.maps.internal.IGoogleMapDelegate) -> v1
com.google.android.gms.maps.internal.zzas -> com.google.android.gms.maps.j.o:
# {"id":"sourceFile","fileName":"com.google.android.gms:play-services-maps@@18.0.0"}
    1:1:void <init>() -> <init>
    1:4:boolean zza(int,android.os.Parcel,android.os.Parcel,int) -> r
com.google.android.gms.maps.internal.zzat -> com.google.android.gms.maps.j.p:
# {"id":"sourceFile","fileName":"com.google.android.gms:play-services-maps@@18.0.0"}
    boolean zzb(com.google.android.gms.internal.maps.zzx) -> f
com.google.android.gms.maps.internal.zzau -> com.google.android.gms.maps.j.q:
# {"id":"sourceFile","fileName":"com.google.android.gms:play-services-maps@@18.0.0"}
    1:1:void <init>() -> <init>
    1:7:boolean zza(int,android.os.Parcel,android.os.Parcel,int) -> r
com.google.android.gms.maps.internal.zzav -> com.google.android.gms.maps.j.r:
# {"id":"sourceFile","fileName":"com.google.android.gms:play-services-maps@@18.0.0"}
    void zzc(com.google.android.gms.internal.maps.zzx) -> J1
    void zzd(com.google.android.gms.internal.maps.zzx) -> O0
    void zzb(com.google.android.gms.internal.maps.zzx) -> f
com.google.android.gms.maps.internal.zzb -> com.google.android.gms.maps.j.s:
# {"id":"sourceFile","fileName":"com.google.android.gms:play-services-maps@@18.0.0"}
    1:1:void <init>(android.os.IBinder) -> <init>
    1:5:com.google.android.gms.dynamic.IObjectWrapper zoomTo(float) -> A0
    1:4:com.google.android.gms.dynamic.IObjectWrapper zoomIn() -> C0
    1:7:com.google.android.gms.dynamic.IObjectWrapper zoomByWithFocus(float,int,int) -> G1
    1:4:com.google.android.gms.dynamic.IObjectWrapper zoomOut() -> P1
    1:6:com.google.android.gms.dynamic.IObjectWrapper newLatLngBounds(com.google.android.gms.maps.model.LatLngBounds,int) -> Z
    1:5:com.google.android.gms.dynamic.IObjectWrapper newCameraPosition(com.google.android.gms.maps.model.CameraPosition) -> a1
    1:5:com.google.android.gms.dynamic.IObjectWrapper newLatLng(com.google.android.gms.maps.model.LatLng) -> a2
    1:6:com.google.android.gms.dynamic.IObjectWrapper newLatLngZoom(com.google.android.gms.maps.model.LatLng,float) -> c1
    1:6:com.google.android.gms.dynamic.IObjectWrapper scrollBy(float,float) -> e1
    1:5:com.google.android.gms.dynamic.IObjectWrapper zoomBy(float) -> n0