src/build/app/outputs/mapping/release/usage.txt
pt.up.fe.ni.uni.BuildConfig
pt.up.fe.ni.uni.R$attr
pt.up.fe.ni.uni.R$color
pt.up.fe.ni.uni.R$dimen
pt.up.fe.ni.uni.R$drawable
pt.up.fe.ni.uni.R$id
pt.up.fe.ni.uni.R$integer
pt.up.fe.ni.uni.R$layout
pt.up.fe.ni.uni.R$mipmap
pt.up.fe.ni.uni.R$string
pt.up.fe.ni.uni.R$style
pt.up.fe.ni.uni.R$styleable
pt.up.fe.ni.uni.R
...
com.google.common.collect.HashBiMap$View
com.google.common.collect.HashBiMap
com.google.common.collect.HashMultimap
com.google.common.collect.HashMultimapGwtSerializationDependencies
com.google.common.collect.HashMultiset
com.google.common.collect.Hashing:
    private static final long C1
    private static final long C2
    private static final int MAX_TABLE_SIZE
    private void <init>()
    static int closedTableSize(int,double)
    static boolean needsResizing(int,int,double)
com.google.common.collect.ImmutableAsList$SerializedForm
com.google.common.collect.ImmutableAsList
com.google.common.collect.ImmutableBiMap$Builder
com.google.common.collect.ImmutableBiMap$SerializedForm
com.google.common.collect.ImmutableBiMap
com.google.common.collect.ImmutableClassToInstanceMap$1
com.google.common.collect.ImmutableClassToInstanceMap$Builder
com.google.common.collect.ImmutableClassToInstanceMap
com.google.common.collect.ImmutableCollection$ArrayBasedBuilder:
    public synthetic bridge com.google.common.collect.ImmutableCollection$Builder add(java.lang.Object)
    public varargs com.google.common.collect.ImmutableCollection$Builder add(java.lang.Object[])
    public com.google.common.collect.ImmutableCollection$Builder addAll(java.lang.Iterable)
com.google.common.collect.ImmutableCollection$Builder:
    static final int DEFAULT_INITIAL_CAPACITY
    public abstract com.google.common.collect.ImmutableCollection$Builder add(java.lang.Object)
    public varargs com.google.common.collect.ImmutableCollection$Builder add(java.lang.Object[])
    public com.google.common.collect.ImmutableCollection$Builder addAll(java.lang.Iterable)
    public com.google.common.collect.ImmutableCollection$Builder addAll(java.util.Iterator)
    public abstract com.google.common.collect.ImmutableCollection build()
com.google.common.collect.ImmutableCollection:
    public com.google.common.collect.ImmutableList asList()
    public abstract boolean contains(java.lang.Object)
    abstract boolean isPartialView()
    public synthetic bridge java.util.Iterator iterator()
    java.lang.Object writeReplace()
com.google.common.collect.ImmutableEntry
com.google.common.collect.ImmutableEnumMap$1
com.google.common.collect.ImmutableEnumMap$EnumSerializedForm
com.google.common.collect.ImmutableEnumMap
com.google.common.collect.ImmutableEnumSet$1
com.google.common.collect.ImmutableEnumSet$EnumSerializedForm
com.google.common.collect.ImmutableEnumSet
com.google.common.collect.ImmutableList$Builder:
    public synthetic bridge com.google.common.collect.ImmutableCollection$ArrayBasedBuilder add(java.lang.Object)
    public synthetic bridge com.google.common.collect.ImmutableCollection$Builder add(java.lang.Object)
    public synthetic bridge com.google.common.collect.ImmutableCollection$Builder add(java.lang.Object[])
    public varargs com.google.common.collect.ImmutableList$Builder add(java.lang.Object[])
    public synthetic bridge com.google.common.collect.ImmutableCollection$Builder addAll(java.lang.Iterable)
    public synthetic bridge com.google.common.collect.ImmutableCollection$Builder addAll(java.util.Iterator)
    public com.google.common.collect.ImmutableList$Builder addAll(java.lang.Iterable)
    public com.google.common.collect.ImmutableList$Builder addAll(java.util.Iterator)
    public synthetic bridge com.google.common.collect.ImmutableCollection build()
com.google.common.collect.ImmutableList$ReverseImmutableList
com.google.common.collect.ImmutableList$SerializedForm
com.google.common.collect.ImmutableList$SubList:
    boolean isPartialView()